  cycle.c
C:\Users\황선욱\Desktop\c언어\프로젝트-팀프\CProgramming_MyBuilding\land.h(1,1): warning C4819:  현재 코드 페이지(949)에서 표시할 수 없는 문자가 파일에 들어 있습니다. 데이터가 손실되지 않게 하려면 해당 파일을 유니코드 형식으로 저장하십시오.
C:\Users\황선욱\Desktop\c언어\프로젝트-팀프\CProgramming_MyBuilding\player.h(1,1): warning C4819:  현재 코드 페이지(949)에서 표시할 수 없는 문자가 파일에 들어 있습니다. 데이터가 손실되지 않게 하려면 해당 파일을 유니코드 형식으로 저장하십시오.
  file.c
C:\Users\황선욱\Desktop\c언어\프로젝트-팀프\CProgramming_MyBuilding\money.h(1,1): warning C4819:  현재 코드 페이지(949)에서 표시할 수 없는 문자가 파일에 들어 있습니다. 데이터가 손실되지 않게 하려면 해당 파일을 유니코드 형식으로 저장하십시오.
C:\Users\황선욱\Desktop\c언어\프로젝트-팀프\CProgramming_MyBuilding\land.h(1,1): warning C4819:  현재 코드 페이지(949)에서 표시할 수 없는 문자가 파일에 들어 있습니다. 데이터가 손실되지 않게 하려면 해당 파일을 유니코드 형식으로 저장하십시오.
C:\Users\황선욱\Desktop\c언어\프로젝트-팀프\CProgramming_MyBuilding\player.h(1,1): warning C4819:  현재 코드 페이지(949)에서 표시할 수 없는 문자가 파일에 들어 있습니다. 데이터가 손실되지 않게 하려면 해당 파일을 유니코드 형식으로 저장하십시오.
C:\Users\황선욱\Desktop\c언어\프로젝트-팀프\CProgramming_MyBuilding\file.c(83,35): warning C4047:  'return': 'int'의 간접 참조 수준이 'void *'과(와) 다릅니다.
  gotoyx.c
  land.c
C:\Users\황선욱\Desktop\c언어\프로젝트-팀프\CProgramming_MyBuilding\file.c(90,24): warning C4047:  'return': 'int'의 간접 참조 수준이 'void *'과(와) 다릅니다.
C:\Users\황선욱\Desktop\c언어\프로젝트-팀프\CProgramming_MyBuilding\player.h(1,1): warning C4819:  현재 코드 페이지(949)에서 표시할 수 없는 문자가 파일에 들어 있습니다. 데이터가 손실되지 않게 하려면 해당 파일을 유니코드 형식으로 저장하십시오.
C:\Users\황선욱\Desktop\c언어\프로젝트-팀프\CProgramming_MyBuilding\land.h(1,1): warning C4819:  현재 코드 페이지(949)에서 표시할 수 없는 문자가 파일에 들어 있습니다. 데이터가 손실되지 않게 하려면 해당 파일을 유니코드 형식으로 저장하십시오.
C:\Users\황선욱\Desktop\c언어\프로젝트-팀프\CProgramming_MyBuilding\money.h(1,1): warning C4819:  현재 코드 페이지(949)에서 표시할 수 없는 문자가 파일에 들어 있습니다. 데이터가 손실되지 않게 하려면 해당 파일을 유니코드 형식으로 저장하십시오.
C:\Users\황선욱\Desktop\c언어\프로젝트-팀프\CProgramming_MyBuilding\land.c(35,53): warning C4090:  '함수': 'const' 한정자가 서로 다릅니다.
C:\Users\황선욱\Desktop\c언어\프로젝트-팀프\CProgramming_MyBuilding\land.c(17,1): warning C4047:  '초기화 중': 'int'의 간접 참조 수준이 'void *'과(와) 다릅니다.
  main.c
C:\Users\황선욱\Desktop\c언어\프로젝트-팀프\CProgramming_MyBuilding\land.c(18,1): warning C4047:  '초기화 중': 'int'의 간접 참조 수준이 'void *'과(와) 다릅니다.
C:\Users\황선욱\Desktop\c언어\프로젝트-팀프\CProgramming_MyBuilding\main.c(1,1): warning C4819:  현재 코드 페이지(949)에서 표시할 수 없는 문자가 파일에 들어 있습니다. 데이터가 손실되지 않게 하려면 해당 파일을 유니코드 형식으로 저장하십시오.
C:\Users\황선욱\Desktop\c언어\프로젝트-팀프\CProgramming_MyBuilding\land.h(1,1): warning C4819:  현재 코드 페이지(949)에서 표시할 수 없는 문자가 파일에 들어 있습니다. 데이터가 손실되지 않게 하려면 해당 파일을 유니코드 형식으로 저장하십시오.
  minigame.c
C:\Users\황선욱\Desktop\c언어\프로젝트-팀프\CProgramming_MyBuilding\player.h(1,1): warning C4819:  현재 코드 페이지(949)에서 표시할 수 없는 문자가 파일에 들어 있습니다. 데이터가 손실되지 않게 하려면 해당 파일을 유니코드 형식으로 저장하십시오.
  money.c
C:\Users\황선욱\Desktop\c언어\프로젝트-팀프\CProgramming_MyBuilding\player.h(1,1): warning C4819:  현재 코드 페이지(949)에서 표시할 수 없는 문자가 파일에 들어 있습니다. 데이터가 손실되지 않게 하려면 해당 파일을 유니코드 형식으로 저장하십시오.
C:\Users\황선욱\Desktop\c언어\프로젝트-팀프\CProgramming_MyBuilding\money.c(1,1): warning C4819:  현재 코드 페이지(949)에서 표시할 수 없는 문자가 파일에 들어 있습니다. 데이터가 손실되지 않게 하려면 해당 파일을 유니코드 형식으로 저장하십시오.
C:\Users\황선욱\Desktop\c언어\프로젝트-팀프\CProgramming_MyBuilding\player.h(1,1): warning C4819:  현재 코드 페이지(949)에서 표시할 수 없는 문자가 파일에 들어 있습니다. 데이터가 손실되지 않게 하려면 해당 파일을 유니코드 형식으로 저장하십시오.
C:\Users\황선욱\Desktop\c언어\프로젝트-팀프\CProgramming_MyBuilding\money.h(1,1): warning C4819:  현재 코드 페이지(949)에서 표시할 수 없는 문자가 파일에 들어 있습니다. 데이터가 손실되지 않게 하려면 해당 파일을 유니코드 형식으로 저장하십시오.
  player.c
C:\Users\황선욱\Desktop\c언어\프로젝트-팀프\CProgramming_MyBuilding\land.h(1,1): warning C4819:  현재 코드 페이지(949)에서 표시할 수 없는 문자가 파일에 들어 있습니다. 데이터가 손실되지 않게 하려면 해당 파일을 유니코드 형식으로 저장하십시오.
  random.c
C:\Users\황선욱\Desktop\c언어\프로젝트-팀프\CProgramming_MyBuilding\player.h(1,1): warning C4819:  현재 코드 페이지(949)에서 표시할 수 없는 문자가 파일에 들어 있습니다. 데이터가 손실되지 않게 하려면 해당 파일을 유니코드 형식으로 저장하십시오.
C:\Users\황선욱\Desktop\c언어\프로젝트-팀프\CProgramming_MyBuilding\random.c(1,1): warning C4819:  현재 코드 페이지(949)에서 표시할 수 없는 문자가 파일에 들어 있습니다. 데이터가 손실되지 않게 하려면 해당 파일을 유니코드 형식으로 저장하십시오.
  resident.c
C:\Users\황선욱\Desktop\c언어\프로젝트-팀프\CProgramming_MyBuilding\player.h(1,1): warning C4819:  현재 코드 페이지(949)에서 표시할 수 없는 문자가 파일에 들어 있습니다. 데이터가 손실되지 않게 하려면 해당 파일을 유니코드 형식으로 저장하십시오.
  show.c
C:\Users\황선욱\Desktop\c언어\프로젝트-팀프\CProgramming_MyBuilding\player.h(1,1): warning C4819:  현재 코드 페이지(949)에서 표시할 수 없는 문자가 파일에 들어 있습니다. 데이터가 손실되지 않게 하려면 해당 파일을 유니코드 형식으로 저장하십시오.
C:\Users\황선욱\Desktop\c언어\프로젝트-팀프\CProgramming_MyBuilding\land.h(1,1): warning C4819:  현재 코드 페이지(949)에서 표시할 수 없는 문자가 파일에 들어 있습니다. 데이터가 손실되지 않게 하려면 해당 파일을 유니코드 형식으로 저장하십시오.
C:\Users\황선욱\Desktop\c언어\프로젝트-팀프\CProgramming_MyBuilding\player.h(1,1): warning C4819:  현재 코드 페이지(949)에서 표시할 수 없는 문자가 파일에 들어 있습니다. 데이터가 손실되지 않게 하려면 해당 파일을 유니코드 형식으로 저장하십시오.
C:\Users\황선욱\Desktop\c언어\프로젝트-팀프\CProgramming_MyBuilding\show.c(173,46): warning C4090:  '함수': 'const' 한정자가 서로 다릅니다.
C:\Users\황선욱\Desktop\c언어\프로젝트-팀프\CProgramming_MyBuilding\show.c(185,62): warning C4090:  '함수': 'const' 한정자가 서로 다릅니다.
C:\Users\황선욱\Desktop\c언어\프로젝트-팀프\CProgramming_MyBuilding\show.c(188,62): warning C4090:  '함수': 'const' 한정자가 서로 다릅니다.
C:\Users\황선욱\Desktop\c언어\프로젝트-팀프\CProgramming_MyBuilding\show.c(192,62): warning C4090:  '함수': 'const' 한정자가 서로 다릅니다.
C:\Users\황선욱\Desktop\c언어\프로젝트-팀프\CProgramming_MyBuilding\show.c(195,62): warning C4090:  '함수': 'const' 한정자가 서로 다릅니다.
C:\Users\황선욱\Desktop\c언어\프로젝트-팀프\CProgramming_MyBuilding\show.c(230,47): warning C4090:  '함수': 'const' 한정자가 서로 다릅니다.
C:\Users\황선욱\Desktop\c언어\프로젝트-팀프\CProgramming_MyBuilding\show.c(231,47): warning C4090:  '함수': 'const' 한정자가 서로 다릅니다.
C:\Users\황선욱\Desktop\c언어\프로젝트-팀프\CProgramming_MyBuilding\show.c(234,45): warning C4090:  '함수': 'const' 한정자가 서로 다릅니다.
C:\Users\황선욱\Desktop\c언어\프로젝트-팀프\CProgramming_MyBuilding\show.c(235,45): warning C4090:  '함수': 'const' 한정자가 서로 다릅니다.
  코드를 생성하고 있습니다...
C:\Users\황선욱\Desktop\c언어\프로젝트-팀프\CProgramming_MyBuilding\show.c(251,1): warning C4047:  '초기화 중': 'const int'의 간접 참조 수준이 'void *'과(와) 다릅니다.
C:\Users\황선욱\Desktop\c언어\프로젝트-팀프\CProgramming_MyBuilding\player.c(17): warning C4716:  'make_user_name': 값을 반환해야 합니다.
  Mybuilding.vcxproj -> C:\Users\황선욱\Desktop\c언어\프로젝트-팀프\CProgramming_MyBuilding\x64\Debug\Mybuilding.exe
